0.0    -2.56296107955
0.0    -2.56296107955
0.0    -1.5617106136
0.0    -1.5617106136
0.0    1.5617106136
0.0    1.5617106136
0.0    2.56296107955
0.0    2.56296107955
0.01    -2.56200370235
0.01    -2.56200370235
0.01    -1.56075413784
0.01    -1.56075413784
0.01    1.56075413784
0.01    1.56075413784
0.01    2.56200370235
0.01    2.56200370235
0.02    -2.55913268214
0.02    -2.55913268214
0.02    -1.55788582907
0.02    -1.55788582907
0.02    1.55788582907
0.02    1.55788582907
0.02    2.55913268214
0.02    2.55913268214
0.03    -2.55435135363
0.03    -2.55435135363
0.03    -1.55310904352
0.03    -1.55310904352
0.03    1.55310904352
0.03    1.55310904352
0.03    2.55435135363
0.03    2.55435135363
0.04    -2.54766527662
0.04    -2.54766527662
0.04    -1.54642937723
0.04    -1.54642937723
0.04    1.54642937723
0.04    1.54642937723
0.04    2.54766527662
0.04    2.54766527662
0.05    -2.53908223895
0.05    -2.53908223895
0.05    -1.53785466965
0.05    -1.53785466965
0.05    1.53785466965
0.05    1.53785466965
0.05    2.53908223895
0.05    2.53908223895
0.06    -2.52861226092
0.06    -2.52861226092
0.06    -1.52739500896
0.06    -1.52739500896
0.06    1.52739500896
0.06    1.52739500896
0.06    2.52861226092
0.06    2.52861226092
0.07    -2.51626760139
0.07    -2.51626760139
0.07    -1.5150627393
0.07    -1.5150627393
0.07    1.5150627393
0.07    1.5150627393
0.07    2.51626760139
0.07    2.51626760139
0.08    -2.50206276577
0.08    -2.50206276577
0.08    -1.50087247035
0.08    -1.50087247035
0.08    1.50087247035
0.08    1.50087247035
0.08    2.50206276577
0.08    2.50206276577
0.09    -2.48601451651
0.09    -2.48601451651
0.09    -1.48484108969
0.09    -1.48484108969
0.09    1.48484108969
0.09    1.48484108969
0.09    2.48601451651
0.09    2.48601451651
0.1    -2.46814188638
0.1    -2.46814188638
0.1    -1.46698777844
0.1    -1.46698777844
0.1    1.46698777844
0.1    1.46698777844
0.1    2.46814188638
0.1    2.46814188638
0.11    -2.44846619534
0.11    -2.44846619534
0.11    -1.44733403101
0.11    -1.44733403101
0.11    1.44733403101
0.11    1.44733403101
0.11    2.44846619534
0.11    2.44846619534
0.12    -2.42701107164
0.12    -2.42701107164
0.12    -1.42590367968
0.12    -1.42590367968
0.12    1.42590367968
0.12    1.42590367968
0.12    2.42701107164
0.12    2.42701107164
0.13    -2.40380247827
0.13    -2.40380247827
0.13    -1.40272292527
0.13    -1.40272292527
0.13    1.40272292527
0.13    1.40272292527
0.13    2.40380247827
0.13    2.40380247827
0.14    -2.37886874566
0.14    -2.37886874566
0.14    -1.37782037503
0.14    -1.37782037503
0.14    1.37782037503
0.14    1.37782037503
0.14    2.37886874566
0.14    2.37886874566
0.15    -2.35224061226
0.15    -2.35224061226
0.15    -1.35122708941
0.15    -1.35122708941
0.15    1.35122708941
0.15    1.35122708941
0.15    2.35224061226
0.15    2.35224061226
0.16    -2.32395127457
0.16    -2.32395127457
0.16    -1.32297663973
0.16    -1.32297663973
0.16    1.32297663973
0.16    1.32297663973
0.16    2.32395127457
0.16    2.32395127457
0.17    -2.29403644877
0.17    -2.29403644877
0.17    -1.29310517903
0.17    -1.29310517903
0.17    1.29310517903
0.17    1.29310517903
0.17    2.29403644877
0.17    2.29403644877
0.18    -2.26253444638
0.18    -2.26253444638
0.18    -1.2616515292
0.18    -1.2616515292
0.18    1.2616515292
0.18    1.2616515292
0.18    2.26253444638
0.18    2.26253444638
0.19    -2.22948626719
0.19    -2.22948626719
0.19    -1.22865728789
0.19    -1.22865728789
0.19    1.22865728789
0.19    1.22865728789
0.19    2.22948626719
0.19    2.22948626719
0.2    -2.19493571326
0.2    -2.19493571326
0.2    -1.19416695989
0.2    -1.19416695989
0.2    1.19416695989
0.2    1.19416695989
0.2    2.19493571326
0.2    2.19493571326
0.21    -2.15892952869
0.21    -2.15892952869
0.21    -1.1582281186
0.21    -1.1582281186
0.21    1.1582281186
0.21    1.1582281186
0.21    2.15892952869
0.21    2.15892952869
0.22    -2.12151757114
0.22    -2.12151757114
0.22    -1.12089160475
0.22    -1.12089160475
0.22    1.12089160475
0.22    1.12089160475
0.22    2.12151757114
0.22    2.12151757114
0.23    -2.08275302236
0.23    -2.08275302236
0.23    -1.08221177134
0.23    -1.08221177134
0.23    1.08221177134
0.23    1.08221177134
0.23    2.08275302236
0.23    2.08275302236
0.24    -2.0426926471
0.24    -2.0426926471
0.24    -1.04224678629
0.24    -1.04224678629
0.24    1.04224678629
0.24    1.04224678629
0.24    2.0426926471
0.24    2.0426926471
0.25    -2.00139711188
0.25    -2.00139711188
0.25    -1.0010590075
0.25    -1.0010590075
0.25    1.0010590075
0.25    1.0010590075
0.25    2.00139711188
0.25    2.00139711188
0.26    -1.95893137841
0.26    -1.95893137841
0.26    -0.958715449176
0.26    -0.958715449176
0.26    0.958715449176
0.26    0.958715449176
0.26    1.95893137841
0.26    1.95893137841
0.27    -1.91536519035
0.27    -1.91536519035
0.27    -0.915288363999
0.27    -0.915288363999
0.27    0.915288363999
0.27    0.915288363999
0.27    1.91536519035
0.27    1.91536519035
0.28    -1.87077367724
0.28    -1.87077367724
0.28    -0.870855973241
0.28    -0.870855973241
0.28    0.870855973241
0.28    0.870855973241
0.28    1.87077367724
0.28    1.87077367724
0.29    -1.82523810632
0.29    -1.82523810632
0.29    -0.825503387342
0.29    -0.825503387342
0.29    0.825503387342
0.29    0.825503387342
0.29    1.82523810632
0.29    1.82523810632
0.3    -1.77884682154
0.3    -1.77884682154
0.3    -0.779323773487
0.3    -0.779323773487
0.3    0.779323773487
0.3    0.779323773487
0.3    1.77884682154
0.3    1.77884682154
0.31    -1.7316964208
0.31    -1.7316964208
0.31    -0.732419846373
0.31    -0.732419846373
0.31    0.732419846373
0.31    0.732419846373
0.31    1.7316964208
0.31    1.7316964208
0.32    -1.68389323715
0.32    -1.68389323715
0.32    -0.684905785886
0.32    -0.684905785886
0.32    0.684905785886
0.32    0.684905785886
0.32    1.68389323715
0.32    1.68389323715
0.33    -1.63555520917
0.33    -1.63555520917
0.33    -0.636909724594
0.33    -0.636909724594
0.33    0.636909724594
0.33    0.636909724594
0.33    1.63555520917
0.33    1.63555520917
0.34    -1.58681425052
0.34    -1.58681425052
0.34    -0.58857700462
0.34    -0.58857700462
0.34    0.58857700462
0.34    0.58857700462
0.34    1.58681425052
0.34    1.58681425052
0.35    -1.53781925967
0.35    -1.53781925967
0.35    -0.540074486861
0.35    -0.540074486861
0.35    0.540074486861
0.35    0.540074486861
0.35    1.53781925967
0.35    1.53781925967
0.36    -1.48873994858
0.36    -1.48873994858
0.36    -0.49159632061
0.36    -0.49159632061
0.36    0.49159632061
0.36    0.49159632061
0.36    1.48873994858
0.36    1.48873994858
0.37    -1.43977171204
0.37    -1.43977171204
0.37    -0.443371773362
0.37    -0.443371773362
0.37    0.443371773362
0.37    0.443371773362
0.37    1.43977171204
0.37    1.43977171204
0.38    -1.3911418019
0.38    -1.3911418019
0.38    -0.395676020558
0.38    -0.395676020558
0.38    0.395676020558
0.38    0.395676020558
0.38    1.3911418019
0.38    1.3911418019
0.39    -1.3431170988
0.39    -1.3431170988
0.39    -0.348845271923
0.39    -0.348845271923
0.39    0.348845271923
0.39    0.348845271923
0.39    1.3431170988
0.39    1.3431170988
0.4    -1.29601375711
0.4    -1.29601375711
0.4    -0.303298367639
0.4    -0.303298367639
0.4    0.303298367639
0.4    0.303298367639
0.4    1.29601375711
0.4    1.29601375711
0.41    -1.25020887438
0.41    -1.25020887438
0.41    -0.259568111157
0.41    -0.259568111157
0.41    0.259568111157
0.41    0.259568111157
0.41    1.25020887438
0.41    1.25020887438
0.42    -1.20615398884
0.42    -1.20615398884
0.42    -0.218346905089
0.42    -0.218346905089
0.42    0.218346905089
0.42    0.218346905089
0.42    1.20615398884
0.42    1.20615398884
0.43    -1.16438944271
0.43    -1.16438944271
0.43    -0.180550690304
0.43    -0.180550690304
0.43    0.180550690304
0.43    0.180550690304
0.43    1.16438944271
0.43    1.16438944271
0.44    -1.12555718715
0.44    -1.12555718715
0.44    -0.147392709551
0.44    -0.147392709551
0.44    0.147392709551
0.44    0.147392709551
0.44    1.12555718715
0.44    1.12555718715
0.45    -1.09040717291
0.45    -1.09040717291
0.45    -0.120397956877
0.45    -0.120397956877
0.45    0.120397956877
0.45    0.120397956877
0.45    1.09040717291
0.45    1.09040717291
0.46    -1.0597891392
0.46    -1.0597891392
0.46    -0.101113163585
0.46    -0.101113163585
0.46    0.101113163585
0.46    0.101113163585
0.46    1.0597891392
0.46    1.0597891392
0.47    -1.03461854838
0.47    -1.03461854838
0.47    -0.0901387394432
0.47    -0.0901387394432
0.47    0.0901387394432
0.47    0.0901387394432
0.47    1.03461854838
0.47    1.03461854838
0.48    -1.01580585311
0.48    -1.01580585311
0.48    -0.0859604528646
0.48    -0.0859604528646
0.48    0.0859604528646
0.48    0.0859604528646
0.48    1.01580585311
0.48    1.01580585311
0.49    -1.00414723552
0.49    -1.00414723552
0.49    -0.0853870693465
0.49    -0.0853870693465
0.49    0.0853870693465
0.49    0.0853870693465
0.49    1.00414723552
0.49    1.00414723552
0.5    -1.00019485306
0.5    -1.00019485306
0.5    -0.0855557820227
0.5    -0.0855557820227
0.5    0.0855557820227
0.5    0.0855557820227
0.5    1.00019485306
0.5    1.00019485306
0.51    -1.00414723552
0.51    -1.00414723552
0.51    -0.0853870693465
0.51    -0.0853870693465
0.51    0.0853870693465
0.51    0.0853870693465
0.51    1.00414723552
0.51    1.00414723552
0.52    -1.01580585311
0.52    -1.01580585311
0.52    -0.0859604528646
0.52    -0.0859604528646
0.52    0.0859604528646
0.52    0.0859604528646
0.52    1.01580585311
0.52    1.01580585311
0.53    -1.03461854838
0.53    -1.03461854838
0.53    -0.0901387394432
0.53    -0.0901387394432
0.53    0.0901387394432
0.53    0.0901387394432
0.53    1.03461854838
0.53    1.03461854838
0.54    -1.0597891392
0.54    -1.0597891392
0.54    -0.101113163585
0.54    -0.101113163585
0.54    0.101113163585
0.54    0.101113163585
0.54    1.0597891392
0.54    1.0597891392
0.55    -1.09040717291
0.55    -1.09040717291
0.55    -0.120397956877
0.55    -0.120397956877
0.55    0.120397956877
0.55    0.120397956877
0.55    1.09040717291
0.55    1.09040717291
0.56    -1.12555718715
0.56    -1.12555718715
0.56    -0.147392709551
0.56    -0.147392709551
0.56    0.147392709551
0.56    0.147392709551
0.56    1.12555718715
0.56    1.12555718715
0.57    -1.16438944271
0.57    -1.16438944271
0.57    -0.180550690304
0.57    -0.180550690304
0.57    0.180550690304
0.57    0.180550690304
0.57    1.16438944271
0.57    1.16438944271
0.58    -1.20615398884
0.58    -1.20615398884
0.58    -0.218346905089
0.58    -0.218346905089
0.58    0.218346905089
0.58    0.218346905089
0.58    1.20615398884
0.58    1.20615398884
0.59    -1.25020887438
0.59    -1.25020887438
0.59    -0.259568111157
0.59    -0.259568111157
0.59    0.259568111157
0.59    0.259568111157
0.59    1.25020887438
0.59    1.25020887438
0.6    -1.29601375711
0.6    -1.29601375711
0.6    -0.303298367639
0.6    -0.303298367639
0.6    0.303298367639
0.6    0.303298367639
0.6    1.29601375711
0.6    1.29601375711
0.61    -1.3431170988
0.61    -1.3431170988
0.61    -0.348845271923
0.61    -0.348845271923
0.61    0.348845271923
0.61    0.348845271923
0.61    1.3431170988
0.61    1.3431170988
0.62    -1.3911418019
0.62    -1.3911418019
0.62    -0.395676020558
0.62    -0.395676020558
0.62    0.395676020558
0.62    0.395676020558
0.62    1.3911418019
0.62    1.3911418019
0.63    -1.43977171204
0.63    -1.43977171204
0.63    -0.443371773362
0.63    -0.443371773362
0.63    0.443371773362
0.63    0.443371773362
0.63    1.43977171204
0.63    1.43977171204
0.64    -1.48873994858
0.64    -1.48873994858
0.64    -0.49159632061
0.64    -0.49159632061
0.64    0.49159632061
0.64    0.49159632061
0.64    1.48873994858
0.64    1.48873994858
0.65    -1.53781925967
0.65    -1.53781925967
0.65    -0.540074486861
0.65    -0.540074486861
0.65    0.540074486861
0.65    0.540074486861
0.65    1.53781925967
0.65    1.53781925967
0.66    -1.58681425052
0.66    -1.58681425052
0.66    -0.58857700462
0.66    -0.58857700462
0.66    0.58857700462
0.66    0.58857700462
0.66    1.58681425052
0.66    1.58681425052
0.67    -1.63555520917
0.67    -1.63555520917
0.67    -0.636909724594
0.67    -0.636909724594
0.67    0.636909724594
0.67    0.636909724594
0.67    1.63555520917
0.67    1.63555520917
0.68    -1.68389323715
0.68    -1.68389323715
0.68    -0.684905785886
0.68    -0.684905785886
0.68    0.684905785886
0.68    0.684905785886
0.68    1.68389323715
0.68    1.68389323715
0.69    -1.7316964208
0.69    -1.7316964208
0.69    -0.732419846373
0.69    -0.732419846373
0.69    0.732419846373
0.69    0.732419846373
0.69    1.7316964208
0.69    1.7316964208
0.7    -1.77884682154
0.7    -1.77884682154
0.7    -0.779323773487
0.7    -0.779323773487
0.7    0.779323773487
0.7    0.779323773487
0.7    1.77884682154
0.7    1.77884682154
0.71    -1.82523810632
0.71    -1.82523810632
0.71    -0.825503387342
0.71    -0.825503387342
0.71    0.825503387342
0.71    0.825503387342
0.71    1.82523810632
0.71    1.82523810632
0.72    -1.87077367724
0.72    -1.87077367724
0.72    -0.870855973241
0.72    -0.870855973241
0.72    0.870855973241
0.72    0.870855973241
0.72    1.87077367724
0.72    1.87077367724
0.73    -1.91536519035
0.73    -1.91536519035
0.73    -0.915288363999
0.73    -0.915288363999
0.73    0.915288363999
0.73    0.915288363999
0.73    1.91536519035
0.73    1.91536519035
0.74    -1.95893137841
0.74    -1.95893137841
0.74    -0.958715449176
0.74    -0.958715449176
0.74    0.958715449176
0.74    0.958715449176
0.74    1.95893137841
0.74    1.95893137841
0.75    -2.00139711188
0.75    -2.00139711188
0.75    -1.0010590075
0.75    -1.0010590075
0.75    1.0010590075
0.75    1.0010590075
0.75    2.00139711188
0.75    2.00139711188
0.76    -2.0426926471
0.76    -2.0426926471
0.76    -1.04224678629
0.76    -1.04224678629
0.76    1.04224678629
0.76    1.04224678629
0.76    2.0426926471
0.76    2.0426926471
0.77    -2.08275302236
0.77    -2.08275302236
0.77    -1.08221177134
0.77    -1.08221177134
0.77    1.08221177134
0.77    1.08221177134
0.77    2.08275302236
0.77    2.08275302236
0.78    -2.12151757114
0.78    -2.12151757114
0.78    -1.12089160475
0.78    -1.12089160475
0.78    1.12089160475
0.78    1.12089160475
0.78    2.12151757114
0.78    2.12151757114
0.79    -2.15892952869
0.79    -2.15892952869
0.79    -1.1582281186
0.79    -1.1582281186
0.79    1.1582281186
0.79    1.1582281186
0.79    2.15892952869
0.79    2.15892952869
0.8    -2.19493571326
0.8    -2.19493571326
0.8    -1.19416695989
0.8    -1.19416695989
0.8    1.19416695989
0.8    1.19416695989
0.8    2.19493571326
0.8    2.19493571326
0.81    -2.22948626719
0.81    -2.22948626719
0.81    -1.22865728789
0.81    -1.22865728789
0.81    1.22865728789
0.81    1.22865728789
0.81    2.22948626719
0.81    2.22948626719
0.82    -2.26253444638
0.82    -2.26253444638
0.82    -1.2616515292
0.82    -1.2616515292
0.82    1.2616515292
0.82    1.2616515292
0.82    2.26253444638
0.82    2.26253444638
0.83    -2.29403644877
0.83    -2.29403644877
0.83    -1.29310517903
0.83    -1.29310517903
0.83    1.29310517903
0.83    1.29310517903
0.83    2.29403644877
0.83    2.29403644877
0.84    -2.32395127457
0.84    -2.32395127457
0.84    -1.32297663973
0.84    -1.32297663973
0.84    1.32297663973
0.84    1.32297663973
0.84    2.32395127457
0.84    2.32395127457
0.85    -2.35224061226
0.85    -2.35224061226
0.85    -1.35122708941
0.85    -1.35122708941
0.85    1.35122708941
0.85    1.35122708941
0.85    2.35224061226
0.85    2.35224061226
0.86    -2.37886874566
0.86    -2.37886874566
0.86    -1.37782037503
0.86    -1.37782037503
0.86    1.37782037503
0.86    1.37782037503
0.86    2.37886874566
0.86    2.37886874566
0.87    -2.40380247827
0.87    -2.40380247827
0.87    -1.40272292527
0.87    -1.40272292527
0.87    1.40272292527
0.87    1.40272292527
0.87    2.40380247827
0.87    2.40380247827
0.88    -2.42701107164
0.88    -2.42701107164
0.88    -1.42590367968
0.88    -1.42590367968
0.88    1.42590367968
0.88    1.42590367968
0.88    2.42701107164
0.88    2.42701107164
0.89    -2.44846619534
0.89    -2.44846619534
0.89    -1.44733403101
0.89    -1.44733403101
0.89    1.44733403101
0.89    1.44733403101
0.89    2.44846619534
0.89    2.44846619534
0.9    -2.46814188638
0.9    -2.46814188638
0.9    -1.46698777844
0.9    -1.46698777844
0.9    1.46698777844
0.9    1.46698777844
0.9    2.46814188638
0.9    2.46814188638
0.91    -2.48601451651
0.91    -2.48601451651
0.91    -1.48484108969
0.91    -1.48484108969
0.91    1.48484108969
0.91    1.48484108969
0.91    2.48601451651
0.91    2.48601451651
0.92    -2.50206276577
0.92    -2.50206276577
0.92    -1.50087247035
0.92    -1.50087247035
0.92    1.50087247035
0.92    1.50087247035
0.92    2.50206276577
0.92    2.50206276577
0.93    -2.51626760139
0.93    -2.51626760139
0.93    -1.5150627393
0.93    -1.5150627393
0.93    1.5150627393
0.93    1.5150627393
0.93    2.51626760139
0.93    2.51626760139
0.94    -2.52861226092
0.94    -2.52861226092
0.94    -1.52739500896
0.94    -1.52739500896
0.94    1.52739500896
0.94    1.52739500896
0.94    2.52861226092
0.94    2.52861226092
0.95    -2.53908223895
0.95    -2.53908223895
0.95    -1.53785466965
0.95    -1.53785466965
0.95    1.53785466965
0.95    1.53785466965
0.95    2.53908223895
0.95    2.53908223895
0.96    -2.54766527662
0.96    -2.54766527662
0.96    -1.54642937723
0.96    -1.54642937723
0.96    1.54642937723
0.96    1.54642937723
0.96    2.54766527662
0.96    2.54766527662
0.97    -2.55435135363
0.97    -2.55435135363
0.97    -1.55310904352
0.97    -1.55310904352
0.97    1.55310904352
0.97    1.55310904352
0.97    2.55435135363
0.97    2.55435135363
0.98    -2.55913268214
0.98    -2.55913268214
0.98    -1.55788582907
0.98    -1.55788582907
0.98    1.55788582907
0.98    1.55788582907
0.98    2.55913268214
0.98    2.55913268214
0.99    -2.56200370235
0.99    -2.56200370235
0.99    -1.56075413784
0.99    -1.56075413784
0.99    1.56075413784
0.99    1.56075413784
0.99    2.56200370235
0.99    2.56200370235
