 # ERROR
  0.61660092750483730     
   6.4696927221384537E-002
   1.0533168317876374E-002
   3.0131210481773030E-003
   1.2693935794286793E-003
   6.0833977144336693E-004
   3.0092757864175201E-004
   1.5001014781235167E-004
   7.4938282058290007E-005
   3.7462564340562388E-005
   1.8733381949354033E-005
   9.3689571502020286E-006
   4.6859030257695444E-006
   2.3437354629285423E-006
   1.1722775961620080E-006
   5.8634823196790364E-007
   2.9327997758121782E-007
   1.4669321624083409E-007
   7.3373300102375083E-008
